{
  "0 debug pnpm:scope": {
    "selected": 1
  },
  "1 error pnpm": {
    "code": "ELIFECYCLE",
    "errno": "ENOENT",
    "syscall": "spawn",
    "file": "sh",
    "pkgid": "@ysparadox/kcp@0.0.1",
    "stage": "napi:build:debug",
    "script": "napi build ./dist",
    "pkgname": "@ysparadox/kcp",
    "err": {
      "name": "pnpm",
      "message": "@ysparadox/kcp@0.0.1 napi:build:debug: `napi build ./dist`\nspawn ENOENT",
      "code": "ELIFECYCLE",
      "stack": "pnpm: @ysparadox/kcp@0.0.1 napi:build:debug: `napi build ./dist`\nspawn ENOENT\n    at ChildProcess.<anonymous> (/home/rupansh/.local/lib/node_modules/pnpm/dist/pnpm.cjs:92204:22)\n    at ChildProcess.emit (node:events:520:28)\n    at maybeClose (node:internal/child_process:1092:16)\n    at Process.ChildProcess._handle.onexit (node:internal/child_process:302:5)"
    }
  },
  "2 warn pnpm:global": " Local package.json exists, but node_modules missing, did you mean to install?"
}